\BOOKMARK [1][-]{section*.2}{Introduction}{}% 1
\BOOKMARK [2][-]{subsection.0.1}{Purpose of the Lab Book}{section*.2}% 2
\BOOKMARK [2][-]{subsection.0.2}{Understanding the Code Provided}{section*.2}% 3
\BOOKMARK [1][-]{section*.3}{Installing R}{}% 4
\BOOKMARK [1][-]{section.1}{The Basics}{}% 5
\BOOKMARK [2][-]{subsection.1.1}{The R Screen}{section.1}% 6
\BOOKMARK [2][-]{subsection.1.2}{Loading Data into R}{section.1}% 7
\BOOKMARK [2][-]{subsection.1.3}{Viewing and Editing Data in R}{section.1}% 8
\BOOKMARK [2][-]{subsection.1.4}{Viewing Summaries of the Data}{section.1}% 9
\BOOKMARK [2][-]{subsection.1.5}{Creating and Editing Variables}{section.1}% 10
\BOOKMARK [2][-]{subsection.1.6}{Some Final Tips on Packages, Finding Help in R, and Keyboard Shortcuts}{section.1}% 11
\BOOKMARK [2][-]{subsection.1.7}{Using R-Scripts \(with Example Script\)}{section.1}% 12
\BOOKMARK [1][-]{section.2}{Descriptive Stats and Bivariate Hypothesis Testing}{}% 13
\BOOKMARK [2][-]{subsection.2.1}{Descriptive Statistics}{section.2}% 14
\BOOKMARK [2][-]{subsection.2.2}{Subsetting Data}{section.2}% 15
\BOOKMARK [2][-]{subsection.2.3}{Recoding Using Subsetting}{section.2}% 16
\BOOKMARK [2][-]{subsection.2.4}{Chi-Square Test \(Categorical X by Categorical Y\)}{section.2}% 17
\BOOKMARK [2][-]{subsection.2.5}{T-Test \(Dichotomous X by Continuous Y\)}{section.2}% 18
\BOOKMARK [2][-]{subsection.2.6}{Correlations \(Continuous X by Continuous Y\)}{section.2}% 19
\BOOKMARK [2][-]{subsection.2.7}{Correlation Tables}{section.2}% 20
\BOOKMARK [1][-]{section.3}{Bivariate Regressions, Plotting, and Paper-Ready Tables}{}% 21
\BOOKMARK [2][-]{subsection.3.1}{Checking for Normal Distributions}{section.3}% 22
\BOOKMARK [2][-]{subsection.3.2}{Plotting a Line of Best Fit}{section.3}% 23
\BOOKMARK [2][-]{subsection.3.3}{Bivariate OLS Regression \(Any X, Continuous Y\)}{section.3}% 24
\BOOKMARK [2][-]{subsection.3.4}{Paper-Ready Tables}{section.3}% 25
\BOOKMARK [1][-]{section.4}{Multiple Regressions and Coefficient Plots}{}% 26
\BOOKMARK [2][-]{subsection.4.1}{Multiple Regression \(Any X, Continuous Y, Many Z\)}{section.4}% 27
\BOOKMARK [2][-]{subsection.4.2}{Prepping Categorical Variables for Multiple Regression}{section.4}% 28
\BOOKMARK [2][-]{subsection.4.3}{Coefficient Plots}{section.4}% 29
\BOOKMARK [1][-]{section.5}{Interaction Effects and Logistic Regressions \(Any X, Dummy Y, Many Z\)}{}% 30
\BOOKMARK [2][-]{subsection.5.1}{Interaction Effects}{section.5}% 31
\BOOKMARK [2][-]{subsection.5.2}{Logistic Regression \(Any X, Dichotomous Y, Many Z\)}{section.5}% 32
\BOOKMARK [2][-]{subsection.5.3}{Predicted Probabilities}{section.5}% 33
\BOOKMARK [2][-]{subsection.5.4}{Paper-Ready Tables: Logit Edition}{section.5}% 34
\BOOKMARK [2][-]{subsection.5.5}{Ordinal Logistic Regressions}{section.5}% 35
\BOOKMARK [1][-]{section*.4}{Glossary of Terms}{}% 36
